[ 25%] [32mBuilding CXX object CMakeFiles/scan_processing_node.dir/src/scan_processing_node.cpp.o[0m
[ 75%] Built target calibration_node
[01m[K/home/parallels/calib_ws/src/hand_eye_calibration/src/scan_processing_node.cpp:[m[K In constructor â€˜[01m[KPointCloudProcessor::PointCloudProcessor()[m[Kâ€™:
[01m[K/home/parallels/calib_ws/src/hand_eye_calibration/src/scan_processing_node.cpp:114:40:[m[K [01;31m[Kerror: [m[Kâ€˜[01m[Kusing Ptr = class std::shared_ptr<pcl::PointCloud<pcl::PointXYZRGB> >[m[Kâ€™ {aka â€˜[01m[Kclass std::shared_ptr<pcl::PointCloud<pcl::PointXYZRGB> >[m[Kâ€™} has no member named â€˜[01m[Ksize[m[Kâ€™
  114 |         cout << "pc1 size: " << cloud1.[01;31m[Ksize[m[K() << endl;
      |                                        [01;31m[K^~~~[m[K
[01m[K/home/parallels/calib_ws/src/hand_eye_calibration/src/scan_processing_node.cpp:115:40:[m[K [01;31m[Kerror: [m[Kâ€˜[01m[Kusing Ptr = class std::shared_ptr<pcl::PointCloud<pcl::PointXYZRGB> >[m[Kâ€™ {aka â€˜[01m[Kclass std::shared_ptr<pcl::PointCloud<pcl::PointXYZRGB> >[m[Kâ€™} has no member named â€˜[01m[Ksize[m[Kâ€™
  115 |         cout << "pc2 size: " << cloud2.[01;31m[Ksize[m[K() << endl;
      |                                        [01;31m[K^~~~[m[K
gmake[2]: *** [CMakeFiles/scan_processing_node.dir/build.make:76: CMakeFiles/scan_processing_node.dir/src/scan_processing_node.cpp.o] Error 1
gmake[1]: *** [CMakeFiles/Makefile2:139: CMakeFiles/scan_processing_node.dir/all] Error 2
gmake: *** [Makefile:146: all] Error 2
