[0.005s] Invoking command in '/home/parallels/calib_ws/build/hand_eye_calibration': CMAKE_PREFIX_PATH=${CMAKE_PREFIX_PATH}:/opt/ros/humble /usr/bin/cmake --build /home/parallels/calib_ws/build/hand_eye_calibration -- -j2 -l2
[0.034s] [ 50%] Built target calibration_node
[0.036s] [ 75%] [32mBuilding CXX object CMakeFiles/scan_processing_node.dir/src/scan_processing_node.cpp.o[0m
[3.515s] [01m[K/home/parallels/calib_ws/src/hand_eye_calibration/src/scan_processing_node.cpp:[m[K In function â€˜[01m[Kpcl::PointCloud<pcl::PointXYZRGB>::Ptr alignPointClouds(pcl::PointCloud<pcl::PointXYZRGB>::Ptr, pcl::PointCloud<pcl::PointXYZRGB>::Ptr)[m[Kâ€™:
[3.516s] [01m[K/home/parallels/calib_ws/src/hand_eye_calibration/src/scan_processing_node.cpp:82:12:[m[K [01;31m[Kerror: [m[Kâ€˜[01m[Kcombined[m[Kâ€™ was not declared in this scope; did you mean â€˜[01m[Kvcombine_u8[m[Kâ€™?
[3.516s]    82 |     return [01;31m[Kcombined[m[K;
[3.516s]       |            [01;31m[K^~~~~~~~[m[K
[3.516s]       |            [32m[Kvcombine_u8[m[K
[6.226s] gmake[2]: *** [CMakeFiles/scan_processing_node.dir/build.make:76: CMakeFiles/scan_processing_node.dir/src/scan_processing_node.cpp.o] Error 1
[6.234s] gmake[1]: *** [CMakeFiles/Makefile2:139: CMakeFiles/scan_processing_node.dir/all] Error 2
[6.241s] gmake: *** [Makefile:146: all] Error 2
[6.306s] Invoked command in '/home/parallels/calib_ws/build/hand_eye_calibration' returned '2': CMAKE_PREFIX_PATH=${CMAKE_PREFIX_PATH}:/opt/ros/humble /usr/bin/cmake --build /home/parallels/calib_ws/build/hand_eye_calibration -- -j2 -l2
