[35m[1mConsolidate compiler generated dependencies of target calibration_node[0m
[ 25%] [32mBuilding CXX object CMakeFiles/calibration_node.dir/src/calibration_node.cpp.o[0m
[ 75%] Built target scan_processing_node
[01m[K/home/parallels/calib_ws/src/hand_eye_calibration/src/calibration_node.cpp:[m[K In member function â€˜[01m[Kvoid CalibrationNode::loadBoardPoints(std::string)[m[Kâ€™:
[01m[K/home/parallels/calib_ws/src/hand_eye_calibration/src/calibration_node.cpp:126:28:[m[K [01;31m[Kerror: [m[Kâ€˜[01m[KnumPoses[m[Kâ€™ was not declared in this scope
  126 |         for(int i = 0; i < [01;31m[KnumPoses[m[K; i++) {
      |                            [01;31m[K^~~~~~~~[m[K
[01m[K/home/parallels/calib_ws/src/hand_eye_calibration/src/calibration_node.cpp:[m[K In member function â€˜[01m[Kvoid CalibrationNode::buildCorrespondenceMatrix(Eigen::MatrixXd&, std::vector<Eigen::Matrix<double, 4, 1> >, std::vector<Eigen::Matrix<double, 4, 1> >)[m[Kâ€™:
[01m[K/home/parallels/calib_ws/src/hand_eye_calibration/src/calibration_node.cpp:280:29:[m[K [01;31m[Kerror: [m[Kâ€˜[01m[KnumPoses[m[Kâ€™ was not declared in this scope
  280 |         for (int i = 0; i < [01;31m[KnumPoses[m[K; i++) {
      |                             [01;31m[K^~~~~~~~[m[K
[01m[K/home/parallels/calib_ws/src/hand_eye_calibration/src/calibration_node.cpp:[m[K In member function â€˜[01m[KEigen::Matrix4d CalibrationNode::compute_T_cam_ee(std::vector<Eigen::Matrix<double, 4, 4> >, std::vector<std::vector<Eigen::Matrix<double, 4, 1> > >&, std::vector<std::vector<Eigen::Matrix<double, 4, 1> > >&)[m[Kâ€™:
[01m[K/home/parallels/calib_ws/src/hand_eye_calibration/src/calibration_node.cpp:326:34:[m[K [01;31m[Kerror: [m[Kâ€˜[01m[KnumPoses[m[Kâ€™ was not declared in this scope; did you mean â€˜[01m[KnumPoints[m[Kâ€™?
  326 |         cout << "num poses: " << [01;31m[KnumPoses[m[K << endl;
      |                                  [01;31m[K^~~~~~~~[m[K
      |                                  [32m[KnumPoints[m[K
gmake[2]: *** [CMakeFiles/calibration_node.dir/build.make:76: CMakeFiles/calibration_node.dir/src/calibration_node.cpp.o] Error 1
gmake[1]: *** [CMakeFiles/Makefile2:165: CMakeFiles/calibration_node.dir/all] Error 2
gmake: *** [Makefile:146: all] Error 2
