[35m[1mConsolidate compiler generated dependencies of target calibration_node[0m
[ 50%] Built target scan_processing_node
[ 75%] [32mBuilding CXX object CMakeFiles/calibration_node.dir/src/calibration_node.cpp.o[0m
[01m[K/home/parallels/calib_ws/src/hand_eye_calibration/src/calibration_node.cpp:[m[K In member function â€˜[01m[Kvoid CalibrationNode::reshapeAndCondition(Eigen::Matrix4d&)[m[Kâ€™:
[01m[K/home/parallels/calib_ws/src/hand_eye_calibration/src/calibration_node.cpp:290:20:[m[K [01;31m[Kerror: [m[Kâ€˜[01m[Kpose[m[Kâ€™ was not declared in this scope
  290 |         T_cam_ee = [01;31m[Kpose[m[K * T_cam_ee;
      |                    [01;31m[K^~~~[m[K
gmake[2]: *** [CMakeFiles/calibration_node.dir/build.make:76: CMakeFiles/calibration_node.dir/src/calibration_node.cpp.o] Error 1
gmake[1]: *** [CMakeFiles/Makefile2:165: CMakeFiles/calibration_node.dir/all] Error 2
gmake: *** [Makefile:146: all] Error 2
