[35m[1mConsolidate compiler generated dependencies of target calibration_node[0m
[ 50%] Built target scan_processing_node
[ 75%] [32mBuilding CXX object CMakeFiles/calibration_node.dir/src/calibration_node.cpp.o[0m
[01m[K/home/parallels/calib_ws/src/hand_eye_calibration/src/calibration_node.cpp:[m[K In member function â€˜[01m[KEigen::Matrix4d CalibrationNode::compute_T_cam_ee(std::vector<Eigen::Matrix<double, 4, 4> >, std::vector<std::vector<Eigen::Matrix<double, 4, 1> > >&, std::vector<std::vector<Eigen::Matrix<double, 4, 1> > >&)[m[Kâ€™:
[01m[K/home/parallels/calib_ws/src/hand_eye_calibration/src/calibration_node.cpp:351:13:[m[K [01;31m[Kerror: [m[Kâ€˜[01m[Kcentroid_X_row[m[Kâ€™ was not declared in this scope; did you mean â€˜[01m[Kcentroid_X_prime[m[Kâ€™?
  351 |             [01;31m[Kcentroid_X_row[m[K = centroid_X.transpose();
      |             [01;31m[K^~~~~~~~~~~~~~[m[K
      |             [32m[Kcentroid_X_prime[m[K
[01m[K/home/parallels/calib_ws/src/hand_eye_calibration/src/calibration_node.cpp:352:13:[m[K [01;31m[Kerror: [m[Kâ€˜[01m[Kcentroid_X_prime_row[m[Kâ€™ was not declared in this scope; did you mean â€˜[01m[Kcentroid_X_prime[m[Kâ€™?
  352 |             [01;31m[Kcentroid_X_prime_row[m[K = centroid_X_prime.transpose();
      |             [01;31m[K^~~~~~~~~~~~~~~~~~~~[m[K
      |             [32m[Kcentroid_X_prime[m[K
gmake[2]: *** [CMakeFiles/calibration_node.dir/build.make:76: CMakeFiles/calibration_node.dir/src/calibration_node.cpp.o] Error 1
gmake[1]: *** [CMakeFiles/Makefile2:165: CMakeFiles/calibration_node.dir/all] Error 2
gmake: *** [Makefile:146: all] Error 2
